<?xml version="1.0" encoding="UTF-8"?>
<!-- Generated by org.testng.reporters.JUnitReportReporter -->
<testsuite hostname="LAPTOP-S4SC4N1F" failures="0" tests="1" name="com.phptravelsBaseclass.AdminBookingCancel" time="13.618" errors="0" timestamp="2023-02-17T11:53:04 IST" skipped="0">
  <testcase classname="com.phptravelsBaseclass.AdminBookingCancel" name="cancelBooking" time="13.618"/>
  <system-out/>
</testsuite> <!-- com.phptravelsBaseclass.AdminBookingCancel -->
